2023-12-17 17:33:16 INFO  Import:54 - Customer "Ethan Reynolds" has been added
2023-12-17 17:33:16 INFO  Import:54 - Customer "Olivia Martinez" has been added
2023-12-17 17:33:16 INFO  Import:54 - Customer "Sebastian Harper" has been added
2023-12-17 17:33:16 INFO  Import:54 - Customer "Zoe Rodriguez" has been added
2023-12-17 17:33:16 INFO  Import:54 - Customer "Isaac Gallagher" has been added
2023-12-17 17:33:16 INFO  Import:54 - Customer "Lily Chen" has been added
2023-12-17 17:33:16 INFO  Import:54 - Customer "Jackson Walsh" has been added
2023-12-17 17:33:16 INFO  Import:54 - Customer "Maya Turner" has been added
2023-12-17 17:33:16 INFO  Import:54 - Customer "Caleb Patel" has been added
2023-12-17 17:33:16 INFO  Import:54 - Customer "Ava Sullivan" has been added
2023-12-17 17:33:16 INFO  Import:104 - Account number "1000234937 with balance of 11705.7236346066" has been added
2023-12-17 17:33:16 INFO  Import:104 - Account number "8343623821 with balance of 12564.0976891234" has been added
2023-12-17 17:33:16 INFO  Import:104 - Account number "3938452736 with balance of 12157.3082742843" has been added
2023-12-17 17:33:16 INFO  Import:104 - Account number "3647251837 with balance of 14482.3708331342" has been added
2023-12-17 17:33:16 INFO  Import:104 - Account number "7825426352 with balance of 11337.8019735295" has been added
2023-12-17 17:33:16 INFO  Import:104 - Account number "9018263472 with balance of 14108.5083845731" has been added
2023-12-17 17:33:16 INFO  Import:104 - Account number "1624537162 with balance of 12683.3354286097" has been added
2023-12-17 17:33:16 INFO  Import:104 - Account number "6724362718 with balance of 12561.6325382242" has been added
2023-12-17 17:33:16 INFO  Import:104 - Account number "9273542736 with balance of 12032.6809547241" has been added
2023-12-17 17:33:16 INFO  Import:104 - Account number "1625372817 with balance of 12348.8641848686" has been added
